<?xml version="1.0" encoding="UTF-8"?>
<testsuite xmlns:xsi="http://www.w3.org/2001/XMLSchema-instance" xsi:noNamespaceSchemaLocation="https://maven.apache.org/surefire/maven-surefire-plugin/xsd/surefire-test-report-3.0.xsd" version="3.0" name="com.telegram.bot.CossacsTelegramBotApplicationTests" time="4.282" tests="1" errors="0" skipped="0" failures="0">
  <properties>
[...]
</properties>
  <testcase name="contextLoads" classname="com.telegram.bot.CossacsTelegramBotApplicationTests" time="0.945">
    <system-out><![CDATA[18:16:24.157 [main] INFO org.springframework.test.context.support.AnnotationConfigContextLoaderUtils -- Could not detect default configuration classes for test class [com.telegram.bot.CossacsTelegramBotApplicationTests]: CossacsTelegramBotApplicationTests does not declare any static, non-private, non-final, nested classes annotated with @Configuration.
18:16:24.324 [main] INFO org.springframework.boot.test.context.SpringBootTestContextBootstrapper -- Found @SpringBootConfiguration com.telegram.bot.CossacsTelegramBotApplication for test class com.telegram.bot.CossacsTelegramBotApplicationTests

  .   ____          _            __ _ _
 /\\ / ___'_ __ _ _(_)_ __  __ _ \ \ \ \
( ( )\___ | '_ | '_| | '_ \/ _` | \ \ \ \
 \\/  ___)| |_)| | | | | || (_| |  ) ) ) )
  '  |____| .__|_| |_|_| |_\__, | / / / /
 =========|_|==============|___/=/_/_/_/
 :: Spring Boot ::                (v3.1.2)

2024-03-20T18:16:24.916+02:00  INFO 2396 --- [           main] c.t.b.CossacsTelegramBotApplicationTests : Starting CossacsTelegramBotApplicationTests using Java 17.0.3.1 with PID 2396 (started by mykola.ratyshyn in C:\D_disk\CossacsTelegramBot)
2024-03-20T18:16:24.919+02:00  INFO 2396 --- [           main] c.t.b.CossacsTelegramBotApplicationTests : No active profile set, falling back to 1 default profile: "default"
2024-03-20T18:16:27.263+02:00  INFO 2396 --- [           main] c.t.b.CossacsTelegramBotApplicationTests : Started CossacsTelegramBotApplicationTests in 2.717 seconds (process running for 4.046)
]]></system-out>
  </testcase>
</testsuite>